[debug] [2021-03-16T14:22:38.310Z] ----------------------------------------------------------------------
[debug] [2021-03-16T14:22:38.312Z] Command:       C:\Program Files\nodejs\node.exe C:\Users\David\AppData\Roaming\npm\node_modules\firebase-tools\lib\bin\firebase.js init
[debug] [2021-03-16T14:22:38.312Z] CLI Version:   9.6.1
[debug] [2021-03-16T14:22:38.313Z] Platform:      win32
[debug] [2021-03-16T14:22:38.313Z] Node Version:  v14.15.1
[debug] [2021-03-16T14:22:38.314Z] Time:          Tue Mar 16 2021 14:22:38 GMT+0000 (Greenwich Mean Time)
[debug] [2021-03-16T14:22:38.314Z] ----------------------------------------------------------------------
[debug] [2021-03-16T14:22:38.314Z] 
[debug] [2021-03-16T14:22:38.320Z] > command requires scopes: ["email","openid","https://www.googleapis.com/auth/cloudplatformprojects.readonly","https://www.googleapis.com/auth/firebase","https://www.googleapis.com/auth/cloud-platform"]
[debug] [2021-03-16T14:22:38.321Z] > authorizing via signed-in user
[info] 
     ######## #### ########  ######## ########     ###     ######  ########
     ##        ##  ##     ## ##       ##     ##  ##   ##  ##       ##
     ######    ##  ########  ######   ########  #########  ######  ######
     ##        ##  ##    ##  ##       ##     ## ##     ##       ## ##
     ##       #### ##     ## ######## ########  ##     ##  ######  ########

You're about to initialize a Firebase project in this directory:

  C:\Users\David\WebstormProjects\Portofolio

[info] 
=== Project Setup
[info] 
[info] First, let's associate this project directory with a Firebase project.
[info] You can create multiple project aliases by running firebase use --add, 
[info] but for now we'll just set up a default project.
[info] 
[debug] [2021-03-16T14:24:09.551Z] > refreshing access token with scopes: []
[debug] [2021-03-16T14:24:09.551Z] >>> HTTP REQUEST POST https://www.googleapis.com/oauth2/v3/token  
 <request body omitted>
[debug] [2021-03-16T14:24:10.088Z] <<< HTTP RESPONSE 200 {"date":"Tue, 16 Mar 2021 14:24:19 GMT","cache-control":"no-cache, no-store, max-age=0, must-revalidate","pragma":"no-cache","expires":"Mon, 01 Jan 1990 00:00:00 GMT","content-type":"application/json; charset=utf-8","vary":"X-Origin, Referer, Origin,Accept-Encoding","server":"scaffolding on HTTPServer2","x-xss-protection":"0","x-frame-options":"SAMEORIGIN","x-content-type-options":"nosniff","alt-svc":"h3-29=\":443\"; ma=2592000,h3-T051=\":443\"; ma=2592000,h3-Q050=\":443\"; ma=2592000,h3-Q046=\":443\"; ma=2592000,h3-Q043=\":443\"; ma=2592000,quic=\":443\"; ma=2592000; v=\"46,43\"","accept-ranges":"none","transfer-encoding":"chunked"}
[debug] [2021-03-16T14:24:10.145Z] >>> [apiv2][query] GET https://firebase.googleapis.com/v1beta1/projects pageSize=100
[debug] [2021-03-16T14:24:10.914Z] <<< [apiv2][status] GET https://firebase.googleapis.com/v1beta1/projects 200
[debug] [2021-03-16T14:24:10.914Z] <<< [apiv2][body] GET https://firebase.googleapis.com/v1beta1/projects [omitted]
[info] i  Using project portefolio-8f9fc (Portefolio) 
[info] 
=== Database Setup
[info] i  database: ensuring required API firebasedatabase.googleapis.com is enabled... 
[debug] [2021-03-16T14:24:14.168Z] > refreshing access token with scopes: ["email","https://www.googleapis.com/auth/cloud-platform","https://www.googleapis.com/auth/cloudplatformprojects.readonly","https://www.googleapis.com/auth/firebase","openid"]
[debug] [2021-03-16T14:24:14.168Z] >>> HTTP REQUEST POST https://www.googleapis.com/oauth2/v3/token  
 <request body omitted>
[debug] [2021-03-16T14:24:14.621Z] <<< HTTP RESPONSE 200 {"expires":"Mon, 01 Jan 1990 00:00:00 GMT","date":"Tue, 16 Mar 2021 14:24:24 GMT","cache-control":"no-cache, no-store, max-age=0, must-revalidate","pragma":"no-cache","content-type":"application/json; charset=utf-8","vary":"X-Origin, Referer, Origin,Accept-Encoding","server":"scaffolding on HTTPServer2","x-xss-protection":"0","x-frame-options":"SAMEORIGIN","x-content-type-options":"nosniff","alt-svc":"h3-29=\":443\"; ma=2592000,h3-T051=\":443\"; ma=2592000,h3-Q050=\":443\"; ma=2592000,h3-Q046=\":443\"; ma=2592000,h3-Q043=\":443\"; ma=2592000,quic=\":443\"; ma=2592000; v=\"46,43\"","accept-ranges":"none","transfer-encoding":"chunked"}
[debug] [2021-03-16T14:24:14.685Z] >>> HTTP REQUEST GET https://serviceusage.googleapis.com/v1/projects/portefolio-8f9fc/services/firebasedatabase.googleapis.com  
 
[debug] [2021-03-16T14:24:16.124Z] <<< HTTP RESPONSE 200 {"content-type":"application/json; charset=UTF-8","vary":"X-Origin, Referer, Origin,Accept-Encoding","date":"Tue, 16 Mar 2021 14:24:25 GMT","server":"ESF","cache-control":"private","x-xss-protection":"0","x-frame-options":"SAMEORIGIN","x-content-type-options":"nosniff","alt-svc":"h3-29=\":443\"; ma=2592000,h3-T051=\":443\"; ma=2592000,h3-Q050=\":443\"; ma=2592000,h3-Q046=\":443\"; ma=2592000,h3-Q043=\":443\"; ma=2592000,quic=\":443\"; ma=2592000; v=\"46,43\"","accept-ranges":"none","transfer-encoding":"chunked"}
[warn] !  database: missing required API firebasedatabase.googleapis.com. Enabling now... 
[debug] [2021-03-16T14:24:16.125Z] >>> HTTP REQUEST POST https://serviceusage.googleapis.com/v1/projects/portefolio-8f9fc/services/firebasedatabase.googleapis.com:enable  
 
[debug] [2021-03-16T14:24:17.989Z] <<< HTTP RESPONSE 200 {"content-type":"application/json; charset=UTF-8","vary":"X-Origin, Referer, Origin,Accept-Encoding","date":"Tue, 16 Mar 2021 14:24:27 GMT","server":"ESF","cache-control":"private","x-xss-protection":"0","x-frame-options":"SAMEORIGIN","x-content-type-options":"nosniff","alt-svc":"h3-29=\":443\"; ma=2592000,h3-T051=\":443\"; ma=2592000,h3-Q050=\":443\"; ma=2592000,h3-Q046=\":443\"; ma=2592000,h3-Q043=\":443\"; ma=2592000,quic=\":443\"; ma=2592000; v=\"46,43\"","accept-ranges":"none","transfer-encoding":"chunked"}
[debug] [2021-03-16T14:24:27.991Z] >>> HTTP REQUEST GET https://serviceusage.googleapis.com/v1/projects/portefolio-8f9fc/services/firebasedatabase.googleapis.com  
 
[debug] [2021-03-16T14:24:29.219Z] <<< HTTP RESPONSE 200 {"content-type":"application/json; charset=UTF-8","vary":"X-Origin, Referer, Origin,Accept-Encoding","date":"Tue, 16 Mar 2021 14:24:38 GMT","server":"ESF","cache-control":"private","x-xss-protection":"0","x-frame-options":"SAMEORIGIN","x-content-type-options":"nosniff","alt-svc":"h3-29=\":443\"; ma=2592000,h3-T051=\":443\"; ma=2592000,h3-Q050=\":443\"; ma=2592000,h3-Q046=\":443\"; ma=2592000,h3-Q043=\":443\"; ma=2592000,quic=\":443\"; ma=2592000; v=\"46,43\"","accept-ranges":"none","transfer-encoding":"chunked"}
[info] +  database: required API firebasedatabase.googleapis.com is enabled 
[info] 
[debug] [2021-03-16T14:24:29.223Z] > refreshing access token with scopes: []
[debug] [2021-03-16T14:24:29.223Z] >>> HTTP REQUEST POST https://www.googleapis.com/oauth2/v3/token  
 <request body omitted>
[debug] [2021-03-16T14:24:29.679Z] <<< HTTP RESPONSE 200 {"expires":"Mon, 01 Jan 1990 00:00:00 GMT","pragma":"no-cache","date":"Tue, 16 Mar 2021 14:24:39 GMT","cache-control":"no-cache, no-store, max-age=0, must-revalidate","content-type":"application/json; charset=utf-8","vary":"X-Origin, Referer, Origin,Accept-Encoding","server":"scaffolding on HTTPServer2","x-xss-protection":"0","x-frame-options":"SAMEORIGIN","x-content-type-options":"nosniff","alt-svc":"h3-29=\":443\"; ma=2592000,h3-T051=\":443\"; ma=2592000,h3-Q050=\":443\"; ma=2592000,h3-Q046=\":443\"; ma=2592000,h3-Q043=\":443\"; ma=2592000,quic=\":443\"; ma=2592000; v=\"46,43\"","accept-ranges":"none","transfer-encoding":"chunked"}
[debug] [2021-03-16T14:24:29.955Z] >>> [apiv2][query] GET https://firebase.googleapis.com/v1beta1/projects/portefolio-8f9fc [none]
[debug] [2021-03-16T14:24:30.534Z] <<< [apiv2][status] GET https://firebase.googleapis.com/v1beta1/projects/portefolio-8f9fc 200
[debug] [2021-03-16T14:24:30.534Z] <<< [apiv2][body] GET https://firebase.googleapis.com/v1beta1/projects/portefolio-8f9fc {"projectId":"portefolio-8f9fc","projectNumber":"145991921133","displayName":"Portefolio","name":"projects/portefolio-8f9fc","resources":{"hostingSite":"portefolio-8f9fc"},"state":"ACTIVE"}
[debug] [2021-03-16T14:24:50.316Z] > refreshing access token with scopes: ["email","https://www.googleapis.com/auth/cloud-platform","https://www.googleapis.com/auth/cloudplatformprojects.readonly","https://www.googleapis.com/auth/firebase","openid"]
[debug] [2021-03-16T14:24:50.316Z] >>> HTTP REQUEST POST https://www.googleapis.com/oauth2/v3/token  
 <request body omitted>
[debug] [2021-03-16T14:24:50.789Z] <<< HTTP RESPONSE 200 {"date":"Tue, 16 Mar 2021 14:25:00 GMT","cache-control":"no-cache, no-store, max-age=0, must-revalidate","expires":"Mon, 01 Jan 1990 00:00:00 GMT","pragma":"no-cache","content-type":"application/json; charset=utf-8","vary":"X-Origin, Referer, Origin,Accept-Encoding","server":"scaffolding on HTTPServer2","x-xss-protection":"0","x-frame-options":"SAMEORIGIN","x-content-type-options":"nosniff","alt-svc":"h3-29=\":443\"; ma=2592000,h3-T051=\":443\"; ma=2592000,h3-Q050=\":443\"; ma=2592000,h3-Q046=\":443\"; ma=2592000,h3-Q043=\":443\"; ma=2592000,quic=\":443\"; ma=2592000; v=\"46,43\"","accept-ranges":"none","transfer-encoding":"chunked"}
[debug] [2021-03-16T14:24:50.918Z] >>> HTTP REQUEST POST https://firebasedatabase.googleapis.com/v1beta/projects/portefolio-8f9fc/locations/europe-west1/instances?databaseId=portefolio-8f9fc-default-rtdb&validateOnly=true  
 {"type":"default_database"}
[debug] [2021-03-16T14:24:51.946Z] <<< HTTP RESPONSE 200 {"content-type":"application/json; charset=UTF-8","vary":"X-Origin, Referer, Origin,Accept-Encoding","date":"Tue, 16 Mar 2021 14:25:01 GMT","server":"ESF","cache-control":"private","x-xss-protection":"0","x-frame-options":"SAMEORIGIN","x-content-type-options":"nosniff","alt-svc":"h3-29=\":443\"; ma=2592000,h3-T051=\":443\"; ma=2592000,h3-Q050=\":443\"; ma=2592000,h3-Q046=\":443\"; ma=2592000,h3-Q043=\":443\"; ma=2592000,quic=\":443\"; ma=2592000; v=\"46,43\"","accept-ranges":"none","transfer-encoding":"chunked"}
[debug] [2021-03-16T14:24:51.948Z] >>> HTTP REQUEST POST https://firebasedatabase.googleapis.com/v1beta/projects/portefolio-8f9fc/locations/europe-west1/instances?databaseId=portefolio-8f9fc-default-rtdb  
 {"type":"default_database"}
[debug] [2021-03-16T14:24:54.106Z] <<< HTTP RESPONSE 200 {"content-type":"application/json; charset=UTF-8","vary":"X-Origin, Referer, Origin,Accept-Encoding","date":"Tue, 16 Mar 2021 14:25:03 GMT","server":"ESF","cache-control":"private","x-xss-protection":"0","x-frame-options":"SAMEORIGIN","x-content-type-options":"nosniff","alt-svc":"h3-29=\":443\"; ma=2592000,h3-T051=\":443\"; ma=2592000,h3-Q050=\":443\"; ma=2592000,h3-Q046=\":443\"; ma=2592000,h3-Q043=\":443\"; ma=2592000,quic=\":443\"; ma=2592000; v=\"46,43\"","accept-ranges":"none","transfer-encoding":"chunked"}
[info] 
[info] Firebase Realtime Database Security Rules allow you to define how your data should be
[info] structured and when your data can be read from and written to.
[info] 
[debug] [2021-03-16T14:25:02.163Z] >>> HTTP REQUEST GET https://portefolio-8f9fc-default-rtdb.europe-west1.firebasedatabase.app/.settings/rules.json  
 
[debug] [2021-03-16T14:25:04.063Z] <<< HTTP RESPONSE 200 {"server":"nginx","date":"Tue, 16 Mar 2021 14:25:13 GMT","content-type":"application/json; charset=utf-8","content-length":"161","connection":"keep-alive","access-control-allow-origin":"*","cache-control":"no-cache","strict-transport-security":"max-age=31556926; includeSubDomains; preload"}
[info] +  Database Rules for portefolio-8f9fc-default-rtdb have been written to database.rules.json. 
[info] Future modifications to database.rules.json will update Realtime Database Security Rules when you run
[info] firebase deploy.
[info] 
=== Hosting Setup
[info] 
[info] Your public directory is the folder (relative to your project directory) that
[info] will contain Hosting assets to be uploaded with firebase deploy. If you
[info] have a build process for your assets, use your build's output directory.
[info] 
[debug] [2021-03-16T14:26:18.149Z] >>> [apiv2][query] GET https://www.gstatic.com/firebasejs/releases.json [none]
[debug] [2021-03-16T14:26:18.645Z] <<< [apiv2][status] GET https://www.gstatic.com/firebasejs/releases.json 200
[debug] [2021-03-16T14:26:18.645Z] <<< [apiv2][body] GET https://www.gstatic.com/firebasejs/releases.json {"current":{"version":"8.3.0","browserURL":"https://www.gstatic.com/firebasejs/8.3.0/firebase.js","packageURL":"https://www.gstatic.com/firebasejs/8.3.0/firebase.tgz"},"live":{"version":"8.3","browserURL":"https://www.gstatic.com/firebasejs/live/8.3/firebase.js","packageURL":"https://www.gstatic.com/firebasejs/live/8.3/firebase.tgz"},"components":{"analytics":"https://www.gstatic.com/firebasejs/8.3.0/firebase-analytics.js","app":"https://www.gstatic.com/firebasejs/8.3.0/firebase-app.js","auth":"https://www.gstatic.com/firebasejs/8.3.0/firebase-auth.js","database":"https://www.gstatic.com/firebasejs/8.3.0/firebase-database.js","firestore":"https://www.gstatic.com/firebasejs/8.3.0/firebase-firestore.js","functions":"https://www.gstatic.com/firebasejs/8.3.0/firebase-functions.js","installations":"https://www.gstatic.com/firebasejs/8.3.0/firebase-installations.js","messaging":"https://www.gstatic.com/firebasejs/8.3.0/firebase-messaging.js","storage":"https://www.gstatic.com/firebasejs/8.3.0/firebase-storage.js","performance":"https://www.gstatic.com/firebasejs/8.3.0/firebase-performance.js","remote-config":"https://www.gstatic.com/firebasejs/8.3.0/firebase-remote-config.js","firestore.memory":"https://www.gstatic.com/firebasejs/8.3.0/firebase-firestore.memory.js"}}
[info] +  Wrote public/index.html 
[info] 
[info] i  Detected a .git folder at C:\Users\David 
[info] i  Authorizing with GitHub to upload your service account to a GitHub repository's secrets store. 
[info] 
[info] Visit this URL on this device to log in:
[info] https://github.com/login/oauth/authorize?client_id=89cf50f02ac6aaed3484&state=843705785&redirect_uri=http%3A%2F%2Flocalhost%3A9005&scope=read%3Auser%20repo%20public_repo
[info] 
[info] Waiting for authentication...
[debug] [2021-03-16T14:26:34.074Z] >>> HTTP REQUEST POST https://github.com/login/oauth/access_token  
 {"client_id":"89cf50f02ac6aaed3484","client_secret":"3330d14abc895d9a74d5f17cd7a00711fa2c5bf0","code":"85cb8ce940f22467861c","redirect_uri":"http://localhost:9005","state":"843705785"}
[debug] [2021-03-16T14:26:34.720Z] <<< HTTP RESPONSE 200 {"server":"GitHub.com","date":"Tue, 16 Mar 2021 14:26:44 GMT","content-type":"application/json; charset=utf-8","transfer-encoding":"chunked","vary":"X-PJAX, Accept-Encoding, Accept, X-Requested-With","etag":"W/\"e2488a40021e38342d1733ce1f9d852b\"","cache-control":"max-age=0, private, must-revalidate","strict-transport-security":"max-age=31536000; includeSubdomains; preload","x-frame-options":"deny","x-content-type-options":"nosniff","x-xss-protection":"0","referrer-policy":"origin-when-cross-origin, strict-origin-when-cross-origin","expect-ct":"max-age=2592000, report-uri=\"https://api.github.com/_private/browser/errors\"","content-security-policy":"default-src 'none'; base-uri 'self'; block-all-mixed-content; connect-src 'self' uploads.github.com www.githubstatus.com collector.githubapp.com api.github.com github-cloud.s3.amazonaws.com github-production-repository-file-5c1aeb.s3.amazonaws.com github-production-upload-manifest-file-7fdce7.s3.amazonaws.com github-production-user-asset-6210df.s3.amazonaws.com cdn.optimizely.com logx.optimizely.com/v1/events wss://alive.github.com; font-src github.githubassets.com; form-action 'self' github.com gist.github.com; frame-ancestors 'none'; frame-src render.githubusercontent.com; img-src 'self' data: github.githubassets.com identicons.github.com collector.githubapp.com github-cloud.s3.amazonaws.com secured-user-images.githubusercontent.com/ *.githubusercontent.com; manifest-src 'self'; media-src 'none'; script-src github.githubassets.com; style-src 'unsafe-inline' github.githubassets.com; worker-src github.com/socket-worker-6832eced.js gist.github.com/socket-worker-6832eced.js","x-github-request-id":"9539:2347:1830474:18F1BC2:6050C023"}
[debug] [2021-03-16T14:26:34.765Z] >>> [apiv2][query] GET https://api.github.com/user [none]
[debug] [2021-03-16T14:26:35.458Z] <<< [apiv2][status] GET https://api.github.com/user 200
[debug] [2021-03-16T14:26:35.458Z] <<< [apiv2][body] GET https://api.github.com/user {"login":"IAmDavidAxel","id":22123081,"node_id":"MDQ6VXNlcjIyMTIzMDgx","avatar_url":"https://avatars.githubusercontent.com/u/22123081?v=4","gravatar_id":"","url":"https://api.github.com/users/IAmDavidAxel","html_url":"https://github.com/IAmDavidAxel","followers_url":"https://api.github.com/users/IAmDavidAxel/followers","following_url":"https://api.github.com/users/IAmDavidAxel/following{/other_user}","gists_url":"https://api.github.com/users/IAmDavidAxel/gists{/gist_id}","starred_url":"https://api.github.com/users/IAmDavidAxel/starred{/owner}{/repo}","subscriptions_url":"https://api.github.com/users/IAmDavidAxel/subscriptions","organizations_url":"https://api.github.com/users/IAmDavidAxel/orgs","repos_url":"https://api.github.com/users/IAmDavidAxel/repos","events_url":"https://api.github.com/users/IAmDavidAxel/events{/privacy}","received_events_url":"https://api.github.com/users/IAmDavidAxel/received_events","type":"User","site_admin":false,"name":"David Axel Nikyèma","company":null,"blog":"","location":null,"email":"david-axel-wendbenedo.nikyema.1@ulaval.ca","hireable":true,"bio":":)","twitter_username":null,"public_repos":29,"public_gists":0,"followers":2,"following":10,"created_at":"2016-09-10T21:58:58Z","updated_at":"2021-03-16T14:26:37Z","private_gists":0,"total_private_repos":4,"owned_private_repos":3,"disk_usage":7518,"collaborators":1,"two_factor_authentication":false,"plan":{"name":"free","space":976562499,"collaborators":0,"private_repos":10000}}
[info] 
[info] +  Success! Logged into GitHub as IAmDavidAxel 
[info] 
[debug] [2021-03-16T14:26:48.580Z] >>> [apiv2][query] GET https://api.github.com/repos//actions/secrets/public-key type=owner
[debug] [2021-03-16T14:26:49.188Z] <<< [apiv2][status] GET https://api.github.com/repos//actions/secrets/public-key 404
[debug] [2021-03-16T14:26:49.188Z] <<< [apiv2][body] GET https://api.github.com/repos//actions/secrets/public-key {"message":"Not Found","documentation_url":"https://docs.github.com/rest"}
[debug] [2021-03-16T14:27:43.504Z] >>> [apiv2][query] GET https://api.github.com/repos/Portefolio/actions/secrets/public-key type=owner
[debug] [2021-03-16T14:27:44.312Z] <<< [apiv2][status] GET https://api.github.com/repos/Portefolio/actions/secrets/public-key 404
[debug] [2021-03-16T14:27:44.312Z] <<< [apiv2][body] GET https://api.github.com/repos/Portefolio/actions/secrets/public-key {"message":"Not Found","documentation_url":"https://docs.github.com/rest"}
[debug] [2021-03-16T14:28:31.587Z] >>> [apiv2][query] GET https://api.github.com/repos/Portefolio/actions/secrets/public-key type=owner
[debug] [2021-03-16T14:28:32.207Z] <<< [apiv2][status] GET https://api.github.com/repos/Portefolio/actions/secrets/public-key 404
[debug] [2021-03-16T14:28:32.207Z] <<< [apiv2][body] GET https://api.github.com/repos/Portefolio/actions/secrets/public-key {"message":"Not Found","documentation_url":"https://docs.github.com/rest"}
[debug] [2021-03-16T14:28:55.107Z] >>> [apiv2][query] GET https://api.github.com/repos/Portofolio/actions/secrets/public-key type=owner
[debug] [2021-03-16T14:28:55.743Z] <<< [apiv2][status] GET https://api.github.com/repos/Portofolio/actions/secrets/public-key 404
[debug] [2021-03-16T14:28:55.743Z] <<< [apiv2][body] GET https://api.github.com/repos/Portofolio/actions/secrets/public-key {"message":"Not Found","documentation_url":"https://docs.github.com/rest"}
[debug] [2021-03-16T14:29:13.531Z] >>> [apiv2][query] GET https://api.github.com/repos//actions/secrets/public-key type=owner
[debug] [2021-03-16T14:29:14.300Z] <<< [apiv2][status] GET https://api.github.com/repos//actions/secrets/public-key 404
[debug] [2021-03-16T14:29:14.300Z] <<< [apiv2][body] GET https://api.github.com/repos//actions/secrets/public-key {"message":"Not Found","documentation_url":"https://docs.github.com/rest"}
